Build started 9/25/2014 4:29:32 PM.
     1>Project "C:\Users\Boris\Documents\Visual Studio 2010\Projects\caimat-2b\caimat-2b\caimat-2b.vcxproj" on node 2 (build target(s)).
     1>InitializeBuildStatus:
         Creating "Debug\caimat-2b.unsuccessfulbuild" because "AlwaysCreate" was specified.
       ClCompile:
         C:\Program Files (x86)\Microsoft Visual Studio 10.0\VC\bin\CL.exe /c /ZI /nologo /W3 /WX- /Od /Oy- /D _MBCS /Gm /EHsc /RTC1 /MDd /GS /fp:precise /Zc:wchar_t /Zc:forScope /Fo"Debug\\" /Fd"Debug\vc100.pdb" /Gd /TP /analyze- /errorReport:prompt main.cpp
         main.cpp
     1>c:\users\boris\documents\visual studio 2010\projects\caimat-2b\caimat-2b\headers\graph.h(437): warning C4101: 'i' : unreferenced local variable
     1>c:\users\boris\documents\visual studio 2010\projects\caimat-2b\caimat-2b\headers\knapsack.h(168): warning C4018: '<' : signed/unsigned mismatch
       Link:
         C:\Program Files (x86)\Microsoft Visual Studio 10.0\VC\bin\link.exe /ERRORREPORT:PROMPT /OUT:"C:\Users\Boris\Documents\Visual Studio 2010\Projects\caimat-2b\Debug\caimat-2b.exe" /NOLOGO kernel32.lib user32.lib gdi32.lib winspool.lib comdlg32.lib advapi32.lib shell32.lib ole32.lib oleaut32.lib uuid.lib odbc32.lib odbccp32.lib /MANIFEST /ManifestFile:"Debug\caimat-2b.exe.intermediate.manifest" /MANIFESTUAC:"level='asInvoker' uiAccess='false'" /DEBUG /PDB:"C:\Users\Boris\Documents\Visual Studio 2010\Projects\caimat-2b\Debug\caimat-2b.pdb" /TLBID:1 /DYNAMICBASE /NXCOMPAT /IMPLIB:"C:\Users\Boris\Documents\Visual Studio 2010\Projects\caimat-2b\Debug\caimat-2b.lib" /MACHINE:X86 Debug\main.obj
         LINK : C:\Users\Boris\Documents\Visual Studio 2010\Projects\caimat-2b\Debug\caimat-2b.exe not found or not built by the last incremental link; performing full link
         caimat-2b.vcxproj -> C:\Users\Boris\Documents\Visual Studio 2010\Projects\caimat-2b\Debug\caimat-2b.exe
       Manifest:
         C:\Program Files (x86)\Microsoft SDKs\Windows\v7.0A\bin\mt.exe /nologo /verbose /outputresource:"C:\Users\Boris\Documents\Visual Studio 2010\Projects\caimat-2b\Debug\caimat-2b.exe;#1" /manifest "Debug\caimat-2b.exe.intermediate.manifest"
       FinalizeBuildStatus:
         Deleting file "Debug\caimat-2b.unsuccessfulbuild".
         Touching "Debug\caimat-2b.lastbuildstate".
     1>Done Building Project "C:\Users\Boris\Documents\Visual Studio 2010\Projects\caimat-2b\caimat-2b\caimat-2b.vcxproj" (build target(s)).

Build succeeded.

Time Elapsed 00:00:01.27
